<?xml version="1.0" encoding="UTF-8"?>
<!-- Generated by org.testng.reporters.JUnitReportReporter -->
<testsuite skipped="0" hostname="Sudha" name="AppleStoreTestCases.AppleStoreApiTest" tests="1" failures="0" timestamp="21 Nov 2019 23:23:35 GMT" time="4.656" errors="0">
  <testcase name="checkResponse" time="4.656" classname="AppleStoreTestCases.AppleStoreApiTest"/>
</testsuite> <!-- AppleStoreTestCases.AppleStoreApiTest -->
